<?xml version="1.0" encoding="UTF-8"?>
<!-- Generated by org.testng.reporters.JUnitReportReporter -->
<testsuite hostname="DESKTOP-BBHQ9GM" failures="0" tests="4" name="databaseTesting.databaseTesting.Test2indatabase" time="1.291" errors="0" timestamp="2025-05-13T01:24:23 EET" skipped="0">
  <testcase classname="databaseTesting.databaseTesting.Test2indatabase" name="AddNewEmployee" time="0.064"/>
  <testcase classname="databaseTesting.databaseTesting.Test2indatabase" name="UpdateEmployee" time="0.011"/>
  <testcase classname="databaseTesting.databaseTesting.Test2indatabase" name="ReadTheUpdateEmployee" time="1.204"/>
  <testcase classname="databaseTesting.databaseTesting.Test2indatabase" name="DeleteEmployee" time="0.012"/>
</testsuite> <!-- databaseTesting.databaseTesting.Test2indatabase -->
