<?xml version="1.0" encoding="UTF-8"?>
<!-- Generated by org.testng.reporters.JUnitReportReporter -->
<testsuite hostname="DESKTOP-BBHQ9GM" failures="0" tests="2" name="databaseTesting.databaseTesting.Test3indatabase" time="0.039" errors="0" timestamp="2025-05-13T01:36:27 EET" skipped="1">
  <testcase classname="databaseTesting.databaseTesting.Test3indatabase" name="UpdateOffice" time="0.039"/>
  <testcase classname="databaseTesting.databaseTesting.Test3indatabase" name="AddNewOffice">
    <skipped/>
  </testcase> <!-- AddNewOffice -->
</testsuite> <!-- databaseTesting.databaseTesting.Test3indatabase -->
